
  .   ____          _            __ _ _
 /\\ / ___'_ __ _ _(_)_ __  __ _ \ \ \ \
( ( )\___ | '_ | '_| | '_ \/ _` | \ \ \ \
 \\/  ___)| |_)| | | | | || (_| |  ) ) ) )
  '  |____| .__|_| |_|_| |_\__, | / / / /
 =========|_|==============|___/=/_/_/_/

 :: Spring Boot ::                (v3.4.1)

2025-01-12T21:10:37.832Z  INFO 20942 --- [testVulkan_Backend_SpringBoot] [           main] c.e.t.Application                        : Starting Application v0.0.1-SNAPSHOT using Java 17.0.13 with PID 20942 (/home/ubuntu/testVulkan_Backend_SPRINGBOOT3.4.1/target/testVulkan_Backend_SPRINGBOOT3.4.1-0.0.1-SNAPSHOT.jar started by ubuntu in /home/ubuntu/testVulkan_Backend_SPRINGBOOT3.4.1)
2025-01-12T21:10:37.843Z  INFO 20942 --- [testVulkan_Backend_SpringBoot] [           main] c.e.t.Application                        : No active profile set, falling back to 1 default profile: "default"
2025-01-12T21:10:40.106Z  INFO 20942 --- [testVulkan_Backend_SpringBoot] [           main] .s.d.r.c.RepositoryConfigurationDelegate : Bootstrapping Spring Data JPA repositories in DEFAULT mode.
2025-01-12T21:10:40.367Z  INFO 20942 --- [testVulkan_Backend_SpringBoot] [           main] .s.d.r.c.RepositoryConfigurationDelegate : Finished Spring Data repository scanning in 207 ms. Found 2 JPA repository interfaces.
2025-01-12T21:10:41.832Z  INFO 20942 --- [testVulkan_Backend_SpringBoot] [           main] o.s.b.w.embedded.tomcat.TomcatWebServer  : Tomcat initialized with port 8080 (http)
2025-01-12T21:10:41.869Z  INFO 20942 --- [testVulkan_Backend_SpringBoot] [           main] o.apache.catalina.core.StandardService   : Starting service [Tomcat]
2025-01-12T21:10:41.870Z  INFO 20942 --- [testVulkan_Backend_SpringBoot] [           main] o.apache.catalina.core.StandardEngine    : Starting Servlet engine: [Apache Tomcat/10.1.34]
2025-01-12T21:10:42.127Z  INFO 20942 --- [testVulkan_Backend_SpringBoot] [           main] o.a.c.c.C.[Tomcat].[localhost].[/]       : Initializing Spring embedded WebApplicationContext
2025-01-12T21:10:42.129Z  INFO 20942 --- [testVulkan_Backend_SpringBoot] [           main] w.s.c.ServletWebServerApplicationContext : Root WebApplicationContext: initialization completed in 4121 ms
2025-01-12T21:10:43.289Z  INFO 20942 --- [testVulkan_Backend_SpringBoot] [           main] o.hibernate.jpa.internal.util.LogHelper  : HHH000204: Processing PersistenceUnitInfo [name: default]
2025-01-12T21:10:43.465Z  INFO 20942 --- [testVulkan_Backend_SpringBoot] [           main] org.hibernate.Version                    : HHH000412: Hibernate ORM core version 6.6.4.Final
2025-01-12T21:10:43.564Z  INFO 20942 --- [testVulkan_Backend_SpringBoot] [           main] o.h.c.internal.RegionFactoryInitiator    : HHH000026: Second-level cache disabled
2025-01-12T21:10:44.437Z  INFO 20942 --- [testVulkan_Backend_SpringBoot] [           main] o.s.o.j.p.SpringPersistenceUnitInfo      : No LoadTimeWeaver setup: ignoring JPA class transformer
2025-01-12T21:10:44.531Z  INFO 20942 --- [testVulkan_Backend_SpringBoot] [           main] com.zaxxer.hikari.HikariDataSource       : HikariPool-1 - Starting...
2025-01-12T21:10:45.685Z  INFO 20942 --- [testVulkan_Backend_SpringBoot] [           main] com.zaxxer.hikari.pool.HikariPool        : HikariPool-1 - Added connection com.mysql.cj.jdbc.ConnectionImpl@7f70e244
2025-01-12T21:10:45.688Z  INFO 20942 --- [testVulkan_Backend_SpringBoot] [           main] com.zaxxer.hikari.HikariDataSource       : HikariPool-1 - Start completed.
2025-01-12T21:10:45.788Z  WARN 20942 --- [testVulkan_Backend_SpringBoot] [           main] org.hibernate.orm.deprecation            : HHH90000025: MySQL8Dialect does not need to be specified explicitly using 'hibernate.dialect' (remove the property setting and it will be selected by default)
2025-01-12T21:10:45.789Z  WARN 20942 --- [testVulkan_Backend_SpringBoot] [           main] org.hibernate.orm.deprecation            : HHH90000026: MySQL8Dialect has been deprecated; use org.hibernate.dialect.MySQLDialect instead
2025-01-12T21:10:45.874Z  INFO 20942 --- [testVulkan_Backend_SpringBoot] [           main] org.hibernate.orm.connections.pooling    : HHH10001005: Database info:
	Database JDBC URL [Connecting through datasource 'HikariDataSource (HikariPool-1)']
	Database driver: undefined/unknown
	Database version: 8.0
	Autocommit mode: undefined/unknown
	Isolation level: undefined/unknown
	Minimum pool size: undefined/unknown
	Maximum pool size: undefined/unknown
2025-01-12T21:10:47.855Z  INFO 20942 --- [testVulkan_Backend_SpringBoot] [           main] o.h.e.t.j.p.i.JtaPlatformInitiator       : HHH000489: No JTA platform available (set 'hibernate.transaction.jta.platform' to enable JTA platform integration)
2025-01-12T21:10:48.093Z  INFO 20942 --- [testVulkan_Backend_SpringBoot] [           main] j.LocalContainerEntityManagerFactoryBean : Initialized JPA EntityManagerFactory for persistence unit 'default'
2025-01-12T21:10:49.215Z  WARN 20942 --- [testVulkan_Backend_SpringBoot] [           main] JpaBaseConfiguration$JpaWebConfiguration : spring.jpa.open-in-view is enabled by default. Therefore, database queries may be performed during view rendering. Explicitly configure spring.jpa.open-in-view to disable this warning
2025-01-12T21:10:49.474Z  INFO 20942 --- [testVulkan_Backend_SpringBoot] [           main] r$InitializeUserDetailsManagerConfigurer : Global AuthenticationManager configured with UserDetailsService bean with name userDetailsService
2025-01-12T21:10:50.700Z  INFO 20942 --- [testVulkan_Backend_SpringBoot] [           main] o.s.b.w.embedded.tomcat.TomcatWebServer  : Tomcat started on port 8080 (http) with context path '/'
2025-01-12T21:10:50.736Z  INFO 20942 --- [testVulkan_Backend_SpringBoot] [           main] c.e.t.Application                        : Started Application in 14.038 seconds (process running for 15.339)
2025-01-12T21:11:11.026Z  INFO 20942 --- [testVulkan_Backend_SpringBoot] [0.0-8080-exec-1] o.a.c.c.C.[Tomcat].[localhost].[/]       : Initializing Spring DispatcherServlet 'dispatcherServlet'
2025-01-12T21:11:11.032Z  INFO 20942 --- [testVulkan_Backend_SpringBoot] [0.0-8080-exec-1] o.s.web.servlet.DispatcherServlet        : Initializing Servlet 'dispatcherServlet'
2025-01-12T21:11:11.035Z  INFO 20942 --- [testVulkan_Backend_SpringBoot] [0.0-8080-exec-1] o.s.web.servlet.DispatcherServlet        : Completed initialization in 3 ms
Hibernate: select c1_0.id,c1_0.max_capacity,c1_0.name from course c1_0
Hibernate: select count(s1_0.id) from student s1_0 left join course c1_0 on c1_0.id=s1_0.course_id where c1_0.id=?
Hibernate: select count(s1_0.id) from student s1_0 left join course c1_0 on c1_0.id=s1_0.course_id where c1_0.id=?
Hibernate: select count(s1_0.id) from student s1_0 left join course c1_0 on c1_0.id=s1_0.course_id where c1_0.id=?
Hibernate: select count(s1_0.id) from student s1_0 left join course c1_0 on c1_0.id=s1_0.course_id where c1_0.id=?
Hibernate: select count(s1_0.id) from student s1_0 left join course c1_0 on c1_0.id=s1_0.course_id where c1_0.id=?
Hibernate: select count(s1_0.id) from student s1_0 left join course c1_0 on c1_0.id=s1_0.course_id where c1_0.id=?
Hibernate: select count(s1_0.id) from student s1_0 left join course c1_0 on c1_0.id=s1_0.course_id where c1_0.id=?
Hibernate: select count(s1_0.id) from student s1_0 left join course c1_0 on c1_0.id=s1_0.course_id where c1_0.id=?
Hibernate: select c1_0.id,c1_0.max_capacity,c1_0.name from course c1_0
Hibernate: select count(s1_0.id) from student s1_0 left join course c1_0 on c1_0.id=s1_0.course_id where c1_0.id=?
Hibernate: select count(s1_0.id) from student s1_0 left join course c1_0 on c1_0.id=s1_0.course_id where c1_0.id=?
Hibernate: select count(s1_0.id) from student s1_0 left join course c1_0 on c1_0.id=s1_0.course_id where c1_0.id=?
Hibernate: select count(s1_0.id) from student s1_0 left join course c1_0 on c1_0.id=s1_0.course_id where c1_0.id=?
Hibernate: select count(s1_0.id) from student s1_0 left join course c1_0 on c1_0.id=s1_0.course_id where c1_0.id=?
Hibernate: select count(s1_0.id) from student s1_0 left join course c1_0 on c1_0.id=s1_0.course_id where c1_0.id=?
Hibernate: select count(s1_0.id) from student s1_0 left join course c1_0 on c1_0.id=s1_0.course_id where c1_0.id=?
Hibernate: select count(s1_0.id) from student s1_0 left join course c1_0 on c1_0.id=s1_0.course_id where c1_0.id=?
Hibernate: select c1_0.id,c1_0.max_capacity,c1_0.name from course c1_0
Hibernate: select count(s1_0.id) from student s1_0 left join course c1_0 on c1_0.id=s1_0.course_id where c1_0.id=?
Hibernate: select count(s1_0.id) from student s1_0 left join course c1_0 on c1_0.id=s1_0.course_id where c1_0.id=?
Hibernate: select count(s1_0.id) from student s1_0 left join course c1_0 on c1_0.id=s1_0.course_id where c1_0.id=?
Hibernate: select count(s1_0.id) from student s1_0 left join course c1_0 on c1_0.id=s1_0.course_id where c1_0.id=?
Hibernate: select count(s1_0.id) from student s1_0 left join course c1_0 on c1_0.id=s1_0.course_id where c1_0.id=?
Hibernate: select count(s1_0.id) from student s1_0 left join course c1_0 on c1_0.id=s1_0.course_id where c1_0.id=?
Hibernate: select count(s1_0.id) from student s1_0 left join course c1_0 on c1_0.id=s1_0.course_id where c1_0.id=?
Hibernate: select count(s1_0.id) from student s1_0 left join course c1_0 on c1_0.id=s1_0.course_id where c1_0.id=?
Hibernate: select c1_0.id,c1_0.max_capacity,c1_0.name from course c1_0 where c1_0.id=?
Hibernate: select count(s1_0.id) from student s1_0 left join course c1_0 on c1_0.id=s1_0.course_id where c1_0.id=?
Hibernate: select c1_0.id,c1_0.max_capacity,c1_0.name from course c1_0 where c1_0.id=?
Hibernate: select count(s1_0.id) from student s1_0 left join course c1_0 on c1_0.id=s1_0.course_id where c1_0.id=?
Hibernate: select c1_0.id,c1_0.max_capacity,c1_0.name from course c1_0 where c1_0.id=?
Hibernate: select count(s1_0.id) from student s1_0 left join course c1_0 on c1_0.id=s1_0.course_id where c1_0.id=?
Hibernate: select c1_0.id,c1_0.max_capacity,c1_0.name from course c1_0
Hibernate: select count(s1_0.id) from student s1_0 left join course c1_0 on c1_0.id=s1_0.course_id where c1_0.id=?
Hibernate: select count(s1_0.id) from student s1_0 left join course c1_0 on c1_0.id=s1_0.course_id where c1_0.id=?
Hibernate: select count(s1_0.id) from student s1_0 left join course c1_0 on c1_0.id=s1_0.course_id where c1_0.id=?
Hibernate: select count(s1_0.id) from student s1_0 left join course c1_0 on c1_0.id=s1_0.course_id where c1_0.id=?
Hibernate: select count(s1_0.id) from student s1_0 left join course c1_0 on c1_0.id=s1_0.course_id where c1_0.id=?
Hibernate: select count(s1_0.id) from student s1_0 left join course c1_0 on c1_0.id=s1_0.course_id where c1_0.id=?
Hibernate: select count(s1_0.id) from student s1_0 left join course c1_0 on c1_0.id=s1_0.course_id where c1_0.id=?
Hibernate: select count(s1_0.id) from student s1_0 left join course c1_0 on c1_0.id=s1_0.course_id where c1_0.id=?
Hibernate: select c1_0.id,c1_0.max_capacity,c1_0.name from course c1_0
Hibernate: select count(s1_0.id) from student s1_0 left join course c1_0 on c1_0.id=s1_0.course_id where c1_0.id=?
Hibernate: select count(s1_0.id) from student s1_0 left join course c1_0 on c1_0.id=s1_0.course_id where c1_0.id=?
Hibernate: select count(s1_0.id) from student s1_0 left join course c1_0 on c1_0.id=s1_0.course_id where c1_0.id=?
Hibernate: select count(s1_0.id) from student s1_0 left join course c1_0 on c1_0.id=s1_0.course_id where c1_0.id=?
Hibernate: select count(s1_0.id) from student s1_0 left join course c1_0 on c1_0.id=s1_0.course_id where c1_0.id=?
Hibernate: select count(s1_0.id) from student s1_0 left join course c1_0 on c1_0.id=s1_0.course_id where c1_0.id=?
Hibernate: select count(s1_0.id) from student s1_0 left join course c1_0 on c1_0.id=s1_0.course_id where c1_0.id=?
Hibernate: select count(s1_0.id) from student s1_0 left join course c1_0 on c1_0.id=s1_0.course_id where c1_0.id=?
Hibernate: select c1_0.id,c1_0.max_capacity,c1_0.name from course c1_0
Hibernate: select count(s1_0.id) from student s1_0 left join course c1_0 on c1_0.id=s1_0.course_id where c1_0.id=?
Hibernate: select count(s1_0.id) from student s1_0 left join course c1_0 on c1_0.id=s1_0.course_id where c1_0.id=?
Hibernate: select count(s1_0.id) from student s1_0 left join course c1_0 on c1_0.id=s1_0.course_id where c1_0.id=?
Hibernate: select count(s1_0.id) from student s1_0 left join course c1_0 on c1_0.id=s1_0.course_id where c1_0.id=?
Hibernate: select count(s1_0.id) from student s1_0 left join course c1_0 on c1_0.id=s1_0.course_id where c1_0.id=?
Hibernate: select count(s1_0.id) from student s1_0 left join course c1_0 on c1_0.id=s1_0.course_id where c1_0.id=?
Hibernate: select count(s1_0.id) from student s1_0 left join course c1_0 on c1_0.id=s1_0.course_id where c1_0.id=?
Hibernate: select count(s1_0.id) from student s1_0 left join course c1_0 on c1_0.id=s1_0.course_id where c1_0.id=?
2025-01-13T00:29:46.650Z  INFO 20942 --- [testVulkan_Backend_SpringBoot] [0.0-8080-exec-1] o.apache.coyote.http11.Http11Processor   : Error parsing HTTP request header
 Note: further occurrences of HTTP request parsing errors will be logged at DEBUG level.

java.lang.IllegalArgumentException: Invalid character found in method name [080;sh+/tmp/gpon8080&ipv=0...]. HTTP method names must be tokens
	at org.apache.coyote.http11.Http11InputBuffer.parseRequestLine(Http11InputBuffer.java:406) ~[tomcat-embed-core-10.1.34.jar!/:na]
	at org.apache.coyote.http11.Http11Processor.service(Http11Processor.java:270) ~[tomcat-embed-core-10.1.34.jar!/:na]
	at org.apache.coyote.AbstractProcessorLight.process(AbstractProcessorLight.java:63) ~[tomcat-embed-core-10.1.34.jar!/:na]
	at org.apache.coyote.AbstractProtocol$ConnectionHandler.process(AbstractProtocol.java:905) ~[tomcat-embed-core-10.1.34.jar!/:na]
	at org.apache.tomcat.util.net.NioEndpoint$SocketProcessor.doRun(NioEndpoint.java:1741) ~[tomcat-embed-core-10.1.34.jar!/:na]
	at org.apache.tomcat.util.net.SocketProcessorBase.run(SocketProcessorBase.java:52) ~[tomcat-embed-core-10.1.34.jar!/:na]
	at org.apache.tomcat.util.threads.ThreadPoolExecutor.runWorker(ThreadPoolExecutor.java:1190) ~[tomcat-embed-core-10.1.34.jar!/:na]
	at org.apache.tomcat.util.threads.ThreadPoolExecutor$Worker.run(ThreadPoolExecutor.java:659) ~[tomcat-embed-core-10.1.34.jar!/:na]
	at org.apache.tomcat.util.threads.TaskThread$WrappingRunnable.run(TaskThread.java:63) ~[tomcat-embed-core-10.1.34.jar!/:na]
	at java.base/java.lang.Thread.run(Thread.java:840) ~[na:na]

Hibernate: select c1_0.id,c1_0.max_capacity,c1_0.name from course c1_0
Hibernate: select count(s1_0.id) from student s1_0 left join course c1_0 on c1_0.id=s1_0.course_id where c1_0.id=?
Hibernate: select count(s1_0.id) from student s1_0 left join course c1_0 on c1_0.id=s1_0.course_id where c1_0.id=?
Hibernate: select count(s1_0.id) from student s1_0 left join course c1_0 on c1_0.id=s1_0.course_id where c1_0.id=?
Hibernate: select count(s1_0.id) from student s1_0 left join course c1_0 on c1_0.id=s1_0.course_id where c1_0.id=?
Hibernate: select count(s1_0.id) from student s1_0 left join course c1_0 on c1_0.id=s1_0.course_id where c1_0.id=?
Hibernate: select count(s1_0.id) from student s1_0 left join course c1_0 on c1_0.id=s1_0.course_id where c1_0.id=?
Hibernate: select count(s1_0.id) from student s1_0 left join course c1_0 on c1_0.id=s1_0.course_id where c1_0.id=?
Hibernate: select count(s1_0.id) from student s1_0 left join course c1_0 on c1_0.id=s1_0.course_id where c1_0.id=?
2025-01-13T01:23:04.038Z  WARN 20942 --- [testVulkan_Backend_SpringBoot] [0.0-8080-exec-6] .w.s.m.s.DefaultHandlerExceptionResolver : Resolved [org.springframework.web.HttpRequestMethodNotSupportedException: Request method 'GET' is not supported]
Hibernate: select c1_0.id,c1_0.max_capacity,c1_0.name from course c1_0
Hibernate: select count(s1_0.id) from student s1_0 left join course c1_0 on c1_0.id=s1_0.course_id where c1_0.id=?
Hibernate: select count(s1_0.id) from student s1_0 left join course c1_0 on c1_0.id=s1_0.course_id where c1_0.id=?
Hibernate: select count(s1_0.id) from student s1_0 left join course c1_0 on c1_0.id=s1_0.course_id where c1_0.id=?
Hibernate: select count(s1_0.id) from student s1_0 left join course c1_0 on c1_0.id=s1_0.course_id where c1_0.id=?
Hibernate: select count(s1_0.id) from student s1_0 left join course c1_0 on c1_0.id=s1_0.course_id where c1_0.id=?
Hibernate: select count(s1_0.id) from student s1_0 left join course c1_0 on c1_0.id=s1_0.course_id where c1_0.id=?
Hibernate: select count(s1_0.id) from student s1_0 left join course c1_0 on c1_0.id=s1_0.course_id where c1_0.id=?
Hibernate: select count(s1_0.id) from student s1_0 left join course c1_0 on c1_0.id=s1_0.course_id where c1_0.id=?
